\BOOKMARK [1][-]{section.1}{Synopsis}{}% 1
\BOOKMARK [1][-]{section.2}{Detailed description of the components}{}% 2
\BOOKMARK [2][-]{subsection.2.1}{Perl libraries}{section.2}% 3
\BOOKMARK [2][-]{subsection.2.2}{RNA dashboard index file}{section.2}% 4
\BOOKMARK [2][-]{subsection.2.3}{Pipeline generator}{section.2}% 5
\BOOKMARK [2][-]{subsection.2.4}{Pre-processing}{section.2}% 6
\BOOKMARK [3][-]{subsubsection.2.4.1}{Annotation pre-processing}{subsection.2.4}% 7
\BOOKMARK [3][-]{subsubsection.2.4.2}{Genome pre-processing}{subsection.2.4}% 8
\BOOKMARK [2][-]{subsection.2.5}{SJPIPE pipeline}{section.2}% 9
\BOOKMARK [3][-]{subsubsection.2.5.1}{Counting splice junctions and reads that overlap splice sites}{subsection.2.5}% 10
\BOOKMARK [3][-]{subsubsection.2.5.2}{Aggregating SJ counts over offsets}{subsection.2.5}% 11
\BOOKMARK [3][-]{subsubsection.2.5.3}{Annotation status and splice site nucleotides}{subsection.2.5}% 12
\BOOKMARK [3][-]{subsubsection.2.5.4}{Strand choice}{subsection.2.5}% 13
\BOOKMARK [3][-]{subsubsection.2.5.5}{Constraining splice site counts}{subsection.2.5}% 14
\BOOKMARK [2][-]{subsection.2.6}{Ascertainment of reproducibility \(IDR\)}{section.2}% 15
\BOOKMARK [3][-]{subsubsection.2.6.1}{Filtering}{subsection.2.6}% 16
\BOOKMARK [3][-]{subsubsection.2.6.2}{Calculation of splicing indices}{subsection.2.6}% 17
\BOOKMARK [2][-]{subsection.2.7}{TXPIPE pipeline}{section.2}% 18
\BOOKMARK [3][-]{subsubsection.2.7.1}{Splicing indices from transcript quantification data}{subsection.2.7}% 19
\BOOKMARK [2][-]{subsection.2.8}{Master tables and endpoints}{section.2}% 20
\BOOKMARK [1][-]{section.3}{Quality control functions}{}% 21
\BOOKMARK [2][-]{subsection.3.1}{Distribution of offsets}{section.3}% 22
\BOOKMARK [2][-]{subsection.3.2}{Strand disproportion}{section.3}% 23
\BOOKMARK [2][-]{subsection.3.3}{Summary stats on annotation status and splice sites}{section.3}% 24
